0 silly input [ 'prepare' ]
1 silly flags { _: [ 'run' ], script: 'prepare', args: [] }
2 verbose rootPath /home/tarik/theia/widget_extension
3 info version 2.4.0
4 silly existsSync /home/tarik/theia/widget_extension/VERSION
5 silly initialize attempt
6 silly initialize success
7 silly execute attempt
8 silly runScriptInPackageStreaming [ 'prepare', [], 'widgy' ]
9 silly getExecOpts { cwd: '/home/tarik/theia/widget_extension/widgy' }
10 error execute callback with error
11 error Error: Command failed: npm run prepare
11 error warning package.json: No license field
11 error warning package.json: No license field
11 error error Command failed with exit code 2.
11 error npm ERR! code ELIFECYCLE
11 error npm ERR! errno 2
11 error npm ERR! widgy@0.0.0 prepare: `yarn run clean && yarn run build`
11 error npm ERR! Exit status 2
11 error npm ERR!
11 error npm ERR! Failed at the widgy@0.0.0 prepare script.
11 error npm ERR! This is probably not a problem with npm. There is likely additional logging output above.
11 error
11 error npm ERR! A complete log of this run can be found in:
11 error npm ERR!     /home/tarik/.npm/_logs/2020-04-13T13_46_51_348Z-debug.log
11 error
11 error
11 error > widgy@0.0.0 prepare /home/tarik/theia/widget_extension/widgy
11 error > yarn run clean && yarn run build
11 error
11 error $ rimraf lib
11 error $ tsc
11 error src/browser/widgy-contribution.ts(4,35): error TS6133: 'FrontendApplication' is declared but its value is never read.
11 error info Visit https://yarnpkg.com/en/docs/cli/run for documentation about this command.
11 error
11 error     at Promise.all.then.arr (/home/tarik/theia/widget_extension/node_modules/execa/index.js:236:11)
